2025-08-12 15:20:07 - algorithm_handler - INFO - hk_ta.py:59 - Запуск алгоритму для акції: 0001.HK
2025-08-12 15:20:10 - algorithm_handler - INFO - hk_ta.py:246 - API дані оброблено для 0001.HK: {'high_20d': 54.6, 'low_20d': 48.15, 'high_50d': 54.6, 'low_50d': 43.95, 'high_250d': 54.6, 'low_250d': 37.45, 'data_points_used': 6058, 'date_range': {'from': '2001-01-02', 'to': '2025-08-12'}}
2025-08-12 15:20:10 - algorithm_handler - INFO - hk_ta.py:74 - Початок обробки акції 0001.HK
2025-08-12 15:20:10 - algorithm_handler - INFO - hk_ta.py:31 - Close prices: 0     50.85
1     52.30
2     53.45
3     53.00
4     53.30
5     52.55
6     51.40
7     50.50
8     50.40
9     50.90
10    50.10
11    51.15
12    51.45
13    51.35
14    51.30
Name: close, dtype: float64
2025-08-12 15:20:10 - algorithm_handler - INFO - hk_ta.py:32 - RSI calculation - using last 15 prices
2025-08-12 15:20:10 - algorithm_handler - INFO - hk_ta.py:33 - Last 5 prices: [50.1, 51.15, 51.45, 51.35, 51.3]
2025-08-12 15:20:10 - algorithm_handler - INFO - hk_ta.py:36 - Last 5 deltas: [-0.7999999999999972, 1.0499999999999972, 0.30000000000000426, -0.10000000000000142, -0.05000000000000426]
2025-08-12 15:20:10 - algorithm_handler - INFO - hk_ta.py:46 - Avg gain: 0.3392857142857143, Avg loss: 0.30714285714285744
2025-08-12 15:20:10 - algorithm_handler - INFO - hk_ta.py:52 - Final RSI: 52.48618784530385
2025-08-12 15:20:10 - algorithm_handler - INFO - hk_ta.py:149 - Algorithm successfully completed for 0001.HK
2025-08-12 15:21:58 - algorithm_handler - INFO - hk_ta.py:69 - Запуск алгоритму для акції: 0001.HK
2025-08-12 15:22:24 - algorithm_handler - INFO - hk_ta.py:256 - API дані оброблено для 0001.HK: {'high_20d': 54.6, 'low_20d': 48.15, 'high_50d': 54.6, 'low_50d': 43.95, 'high_250d': 54.6, 'low_250d': 37.45, 'data_points_used': 6058, 'date_range': {'from': '2001-01-02', 'to': '2025-08-12'}}
2025-08-12 15:22:24 - algorithm_handler - INFO - hk_ta.py:84 - Початок обробки акції 0001.HK
2025-08-12 15:22:24 - algorithm_handler - INFO - hk_ta.py:31 - Close prices: 0     50.85
1     52.30
2     53.45
3     53.00
4     53.30
5     52.55
6     51.40
7     50.50
8     50.40
9     50.90
10    50.10
11    51.15
12    51.45
13    51.35
14    51.30
Name: close, dtype: float64
2025-08-12 15:22:24 - algorithm_handler - INFO - hk_ta.py:32 - RSI calculation - using last 15 prices
2025-08-12 15:22:24 - algorithm_handler - INFO - hk_ta.py:33 - Last 5 prices: [50.1, 51.15, 51.45, 51.35, 51.3]
2025-08-12 15:22:24 - algorithm_handler - INFO - hk_ta.py:36 - Last 5 deltas: [-0.7999999999999972, 1.0499999999999972, 0.30000000000000426, -0.10000000000000142, -0.05000000000000426]
2025-08-12 15:22:24 - algorithm_handler - INFO - hk_ta.py:56 - Avg gain: 0.18667269972043926, Avg loss: 0.18265849176994287
2025-08-12 15:22:24 - algorithm_handler - INFO - hk_ta.py:62 - Final RSI: 50.54344285603088
2025-08-12 15:22:24 - algorithm_handler - INFO - hk_ta.py:159 - Algorithm successfully completed for 0001.HK
2025-08-12 15:24:27 - algorithm_handler - INFO - hk_ta.py:72 - Запуск алгоритму для акції: 0001.HK
2025-08-12 15:24:30 - algorithm_handler - INFO - hk_ta.py:259 - API дані оброблено для 0001.HK: {'high_20d': 54.6, 'low_20d': 48.15, 'high_50d': 54.6, 'low_50d': 43.95, 'high_250d': 54.6, 'low_250d': 37.45, 'data_points_used': 6058, 'date_range': {'from': '2001-01-02', 'to': '2025-08-12'}}
2025-08-12 15:24:30 - algorithm_handler - INFO - hk_ta.py:87 - Початок обробки акції 0001.HK
2025-08-12 15:24:30 - algorithm_handler - INFO - hk_ta.py:31 - Close prices: 0     50.85
1     52.30
2     53.45
3     53.00
4     53.30
5     52.55
6     51.40
7     50.50
8     50.40
9     50.90
10    50.10
11    51.15
12    51.45
13    51.35
14    51.30
Name: close, dtype: float64
2025-08-12 15:24:30 - algorithm_handler - INFO - hk_ta.py:32 - RSI calculation - using last 15 prices
2025-08-12 15:24:30 - algorithm_handler - INFO - hk_ta.py:33 - Last 5 prices: [50.1, 51.15, 51.45, 51.35, 51.3]
2025-08-12 15:24:30 - algorithm_handler - INFO - hk_ta.py:36 - Last 5 deltas: [-0.7999999999999972, 1.0499999999999972, 0.30000000000000426, -0.10000000000000142, -0.05000000000000426]
2025-08-12 15:24:30 - algorithm_handler - INFO - hk_ta.py:59 - Avg gain: 0.3392857142857143, Avg loss: 0.30714285714285744
2025-08-12 15:24:30 - algorithm_handler - INFO - hk_ta.py:65 - Final RSI: 52.48618784530385
2025-08-12 15:24:30 - algorithm_handler - INFO - hk_ta.py:162 - Algorithm successfully completed for 0001.HK
2025-08-12 15:25:02 - algorithm_handler - INFO - hk_ta.py:72 - Запуск алгоритму для акції: 0002.HK
2025-08-12 15:25:04 - algorithm_handler - INFO - hk_ta.py:259 - API дані оброблено для 0002.HK: {'high_20d': 68.65, 'low_20d': 65.6, 'high_50d': 68.65, 'low_50d': 65.35, 'high_250d': 73.2, 'low_250d': 60.45, 'data_points_used': 6063, 'date_range': {'from': '2001-01-02', 'to': '2025-08-12'}}
2025-08-12 15:25:04 - algorithm_handler - INFO - hk_ta.py:87 - Початок обробки акції 0002.HK
2025-08-12 15:25:05 - algorithm_handler - INFO - hk_ta.py:31 - Close prices: 0     67.55
1     67.35
2     67.15
3     67.75
4     67.90
5     68.55
6     68.15
7     67.60
8     67.50
9     67.00
10    66.40
11    66.65
12    66.85
13    67.25
14    66.95
Name: close, dtype: float64
2025-08-12 15:25:05 - algorithm_handler - INFO - hk_ta.py:32 - RSI calculation - using last 15 prices
2025-08-12 15:25:05 - algorithm_handler - INFO - hk_ta.py:33 - Last 5 prices: [66.4, 66.65, 66.85, 67.25, 66.95]
2025-08-12 15:25:05 - algorithm_handler - INFO - hk_ta.py:36 - Last 5 deltas: [-0.5999999999999943, 0.25, 0.19999999999998863, 0.4000000000000057, -0.29999999999999716]
2025-08-12 15:25:05 - algorithm_handler - INFO - hk_ta.py:59 - Avg gain: 0.1607142857142847, Avg loss: 0.20357142857142715
2025-08-12 15:25:05 - algorithm_handler - INFO - hk_ta.py:65 - Final RSI: 44.11764705882354
2025-08-12 15:25:05 - algorithm_handler - INFO - hk_ta.py:162 - Algorithm successfully completed for 0002.HK
2025-08-12 15:29:24 - algorithm_handler - INFO - hk_ta.py:72 - Запуск алгоритму для акції: 0002.HK
2025-08-12 15:29:26 - algorithm_handler - INFO - hk_ta.py:260 - API дані оброблено для 0002.HK: {'high_20d': 68.65, 'low_20d': 65.6, 'high_50d': 68.65, 'low_50d': 65.35, 'high_250d': 73.2, 'low_250d': 60.45, 'data_points_used': 6063, 'date_range': {'from': '2001-01-02', 'to': '2025-08-12'}}
2025-08-12 15:29:26 - algorithm_handler - INFO - hk_ta.py:87 - Початок обробки акції 0002.HK
2025-08-12 15:29:27 - algorithm_handler - INFO - hk_ta.py:136 - Using last 15 days for RSI 14-day calculation
2025-08-12 15:29:27 - algorithm_handler - INFO - hk_ta.py:31 - Close prices: 56    67.55
57    67.35
58    67.15
59    67.75
60    67.90
61    68.55
62    68.15
63    67.60
64    67.50
65    67.00
66    66.40
67    66.65
68    66.85
69    67.25
70    66.95
Name: close, dtype: float64
2025-08-12 15:29:27 - algorithm_handler - INFO - hk_ta.py:32 - RSI calculation - using last 15 prices
2025-08-12 15:29:27 - algorithm_handler - INFO - hk_ta.py:33 - Last 5 prices: [66.4, 66.65, 66.85, 67.25, 66.95]
2025-08-12 15:29:27 - algorithm_handler - INFO - hk_ta.py:36 - Last 5 deltas: [-0.5999999999999943, 0.25, 0.19999999999998863, 0.4000000000000057, -0.29999999999999716]
2025-08-12 15:29:27 - algorithm_handler - INFO - hk_ta.py:59 - Avg gain: 0.1607142857142847, Avg loss: 0.20357142857142715
2025-08-12 15:29:27 - algorithm_handler - INFO - hk_ta.py:65 - Final RSI: 44.11764705882354
2025-08-12 15:29:27 - algorithm_handler - INFO - hk_ta.py:163 - Algorithm successfully completed for 0002.HK
2025-08-12 15:29:48 - algorithm_handler - INFO - hk_ta.py:72 - Запуск алгоритму для акції: 0001.HK
2025-08-12 15:29:50 - algorithm_handler - INFO - hk_ta.py:260 - API дані оброблено для 0001.HK: {'high_20d': 54.6, 'low_20d': 48.15, 'high_50d': 54.6, 'low_50d': 43.95, 'high_250d': 54.6, 'low_250d': 37.45, 'data_points_used': 6058, 'date_range': {'from': '2001-01-02', 'to': '2025-08-12'}}
2025-08-12 15:29:50 - algorithm_handler - INFO - hk_ta.py:87 - Початок обробки акції 0001.HK
2025-08-12 15:29:51 - algorithm_handler - INFO - hk_ta.py:136 - Using last 15 days for RSI 14-day calculation
2025-08-12 15:29:51 - algorithm_handler - INFO - hk_ta.py:31 - Close prices: 57    50.85
58    52.30
59    53.45
60    53.00
61    53.30
62    52.55
63    51.40
64    50.50
65    50.40
66    50.90
67    50.10
68    51.15
69    51.45
70    51.35
71    51.30
Name: close, dtype: float64
2025-08-12 15:29:51 - algorithm_handler - INFO - hk_ta.py:32 - RSI calculation - using last 15 prices
2025-08-12 15:29:51 - algorithm_handler - INFO - hk_ta.py:33 - Last 5 prices: [50.1, 51.15, 51.45, 51.35, 51.3]
2025-08-12 15:29:51 - algorithm_handler - INFO - hk_ta.py:36 - Last 5 deltas: [-0.7999999999999972, 1.0499999999999972, 0.30000000000000426, -0.10000000000000142, -0.05000000000000426]
2025-08-12 15:29:51 - algorithm_handler - INFO - hk_ta.py:59 - Avg gain: 0.3392857142857143, Avg loss: 0.30714285714285744
2025-08-12 15:29:51 - algorithm_handler - INFO - hk_ta.py:65 - Final RSI: 52.48618784530385
2025-08-12 15:29:51 - algorithm_handler - INFO - hk_ta.py:163 - Algorithm successfully completed for 0001.HK
2025-08-12 15:33:12 - algorithm_handler - INFO - hk_ta.py:72 - Запуск алгоритму для акції: 0001.HK
2025-08-12 15:33:15 - algorithm_handler - INFO - hk_ta.py:248 - Using last 15 days for RSI 14-day calculation
2025-08-12 15:33:15 - algorithm_handler - INFO - hk_ta.py:294 - Close prices: 6043    50.85
6044    52.30
6045    53.45
6046    53.00
6047    53.30
6048    52.55
6049    51.40
6050    50.50
6051    50.40
6052    50.90
6053    50.10
6054    51.15
6055    51.45
6056    51.35
6057    51.30
Name: close, dtype: float64
2025-08-12 15:33:15 - algorithm_handler - INFO - hk_ta.py:295 - RSI calculation - using last 15 prices
2025-08-12 15:33:15 - algorithm_handler - INFO - hk_ta.py:296 - Last 5 prices: [50.1, 51.15, 51.45, 51.35, 51.3]
2025-08-12 15:33:15 - algorithm_handler - INFO - hk_ta.py:299 - Last 5 deltas: [-0.7999999999999972, 1.0499999999999972, 0.30000000000000426, -0.10000000000000142, -0.05000000000000426]
2025-08-12 15:33:15 - algorithm_handler - INFO - hk_ta.py:322 - Avg gain: 0.3392857142857143, Avg loss: 0.30714285714285744
2025-08-12 15:33:15 - algorithm_handler - INFO - hk_ta.py:328 - Final RSI: 52.48618784530385
2025-08-12 15:33:15 - algorithm_handler - INFO - hk_ta.py:267 - API дані оброблено для 0001.HK: {'high_20d': 54.6, 'low_20d': 48.15, 'high_50d': 54.6, 'low_50d': 43.95, 'high_250d': 54.6, 'low_250d': 37.45, 'rsi14': 52.48618784530385, 'data_points_used': 6058, 'date_range': {'from': '2001-01-02', 'to': '2025-08-12'}}
2025-08-12 15:33:15 - algorithm_handler - INFO - hk_ta.py:87 - Початок обробки акції 0001.HK
2025-08-12 15:33:15 - algorithm_handler - INFO - hk_ta.py:136 - Using last 15 days for RSI 14-day calculation
2025-08-12 15:33:15 - algorithm_handler - INFO - hk_ta.py:31 - Close prices: 57    50.85
58    52.30
59    53.45
60    53.00
61    53.30
62    52.55
63    51.40
64    50.50
65    50.40
66    50.90
67    50.10
68    51.15
69    51.45
70    51.35
71    51.30
Name: close, dtype: float64
2025-08-12 15:33:15 - algorithm_handler - INFO - hk_ta.py:32 - RSI calculation - using last 15 prices
2025-08-12 15:33:15 - algorithm_handler - INFO - hk_ta.py:33 - Last 5 prices: [50.1, 51.15, 51.45, 51.35, 51.3]
2025-08-12 15:33:15 - algorithm_handler - INFO - hk_ta.py:36 - Last 5 deltas: [-0.7999999999999972, 1.0499999999999972, 0.30000000000000426, -0.10000000000000142, -0.05000000000000426]
2025-08-12 15:33:15 - algorithm_handler - INFO - hk_ta.py:59 - Avg gain: 0.3392857142857143, Avg loss: 0.30714285714285744
2025-08-12 15:33:15 - algorithm_handler - INFO - hk_ta.py:65 - Final RSI: 52.48618784530385
2025-08-12 15:33:15 - algorithm_handler - INFO - hk_ta.py:163 - Algorithm successfully completed for 0001.HK
